[PREINITIALIZATION][CLIENT][INFO] Current loaders after merging: [[preinit]]
[PREINITIALIZATION][CLIENT][INFO] Loading scripts for loader with names [preinit]
[PREINITIALIZATION][CLIENT][INFO] [preinit | SIDE_CLIENT]: Skipping file {[0:crafttweaker]: AE2-wireless-terminal.zs} as we are currently loading with a different loader
[PREINITIALIZATION][CLIENT][INFO] [preinit | SIDE_CLIENT]: Skipping file {[0:crafttweaker]: recipes.zs} as we are currently loading with a different loader
[PREINITIALIZATION][CLIENT][INFO] Completed script loading in: 3ms
[INITIALIZATION][CLIENT][INFO] CraftTweaker: Building registry
[INITIALIZATION][CLIENT][INFO] CraftTweaker: Successfully built item registry
[INITIALIZATION][CLIENT][INFO] Current loaders after merging: [[preinit], [recipeevent | crafttweaker]]
[INITIALIZATION][CLIENT][INFO] Loading scripts for loader with names [crafttweaker | recipeevent]
[INITIALIZATION][CLIENT][INFO] [crafttweaker | SIDE_CLIENT]: Loading Script: {[0:crafttweaker]: AE2-wireless-terminal.zs}
[INITIALIZATION][CLIENT][ERROR] AE2-wireless-terminal.zs:2: Could not resolve <ae2wct : infinityBoosterCard>
[INITIALIZATION][CLIENT][ERROR] AE2-wireless-terminal.zs:7: Could not resolve <ae2wct : infinityBoosterCard>
[INITIALIZATION][CLIENT][ERROR] AE2-wireless-terminal.zs:8: Could not resolve <appliedenergistics2 : item . ItemMultiMaterial : 42>
[INITIALIZATION][CLIENT][ERROR] AE2-wireless-terminal.zs:8: Could not resolve <appliedenergistics2 : item . ItemMultiMaterial : 42>
[INITIALIZATION][CLIENT][ERROR] AE2-wireless-terminal.zs:8: Could not resolve <appliedenergistics2 : item . ItemMultiMaterial : 42>
[INITIALIZATION][CLIENT][ERROR] AE2-wireless-terminal.zs:8: Could not resolve <appliedenergistics2 : item . ItemMultiMaterial : 42>
[INITIALIZATION][CLIENT][ERROR] AE2-wireless-terminal.zs:8: Could not resolve <appliedenergistics2 : item . ItemMultiMaterial : 42>
[INITIALIZATION][CLIENT][ERROR] AE2-wireless-terminal.zs:8: Could not resolve <appliedenergistics2 : item . ItemMultiMaterial : 42>
[INITIALIZATION][CLIENT][ERROR] AE2-wireless-terminal.zs:8: Could not resolve <appliedenergistics2 : item . ItemMultiMaterial : 42>
[INITIALIZATION][CLIENT][ERROR] AE2-wireless-terminal.zs:8: Could not resolve <appliedenergistics2 : item . ItemMultiMaterial : 42>
[INITIALIZATION][CLIENT][ERROR] AE2-wireless-terminal.zs:8: Could not resolve <appliedenergistics2 : item . ItemMultiMaterial : 42>
[INITIALIZATION][CLIENT][ERROR] AE2-wireless-terminal.zs:9: Could not resolve <appliedenergistics2 : item . ItemMultiMaterial : 42>
[INITIALIZATION][CLIENT][ERROR] AE2-wireless-terminal.zs:9: Could not resolve <Avaritia : Resource : 6>
[INITIALIZATION][CLIENT][ERROR] AE2-wireless-terminal.zs:9: Could not resolve <Avaritia : Resource : 4>
[INITIALIZATION][CLIENT][ERROR] AE2-wireless-terminal.zs:9: Could not resolve <Avaritia : Resource : 6>
[INITIALIZATION][CLIENT][ERROR] AE2-wireless-terminal.zs:9: Could not resolve <appliedenergistics2 : item . ItemMultiMaterial : 42>
[INITIALIZATION][CLIENT][ERROR] AE2-wireless-terminal.zs:9: Could not resolve <Avaritia : Resource : 6>
[INITIALIZATION][CLIENT][ERROR] AE2-wireless-terminal.zs:9: Could not resolve <Avaritia : Resource : 4>
[INITIALIZATION][CLIENT][ERROR] AE2-wireless-terminal.zs:9: Could not resolve <Avaritia : Resource : 6>
[INITIALIZATION][CLIENT][ERROR] AE2-wireless-terminal.zs:9: Could not resolve <appliedenergistics2 : item . ItemMultiMaterial : 42>
[INITIALIZATION][CLIENT][ERROR] AE2-wireless-terminal.zs:10: Could not resolve <appliedenergistics2 : item . ItemMultiMaterial : 42>
[INITIALIZATION][CLIENT][ERROR] AE2-wireless-terminal.zs:10: Could not resolve <Avaritia : Resource : 4>
[INITIALIZATION][CLIENT][ERROR] AE2-wireless-terminal.zs:10: Could not resolve <Avaritia : Resource : 5>
[INITIALIZATION][CLIENT][ERROR] AE2-wireless-terminal.zs:10: Could not resolve <Avaritia : Resource : 4>
[INITIALIZATION][CLIENT][ERROR] AE2-wireless-terminal.zs:10: Could not resolve <appliedenergistics2 : item . ItemMultiMaterial : 42>
[INITIALIZATION][CLIENT][ERROR] AE2-wireless-terminal.zs:10: Could not resolve <Avaritia : Resource : 4>
[INITIALIZATION][CLIENT][ERROR] AE2-wireless-terminal.zs:10: Could not resolve <Avaritia : Resource : 5>
[INITIALIZATION][CLIENT][ERROR] AE2-wireless-terminal.zs:10: Could not resolve <Avaritia : Resource : 4>
[INITIALIZATION][CLIENT][ERROR] AE2-wireless-terminal.zs:10: Could not resolve <appliedenergistics2 : item . ItemMultiMaterial : 42>
[INITIALIZATION][CLIENT][ERROR] AE2-wireless-terminal.zs:11: Could not resolve <appliedenergistics2 : item . ItemMultiMaterial : 42>
[INITIALIZATION][CLIENT][ERROR] AE2-wireless-terminal.zs:11: Could not resolve <Avaritia : Resource : 6>
[INITIALIZATION][CLIENT][ERROR] AE2-wireless-terminal.zs:11: Could not resolve <Avaritia : Resource : 4>
[INITIALIZATION][CLIENT][ERROR] AE2-wireless-terminal.zs:11: Could not resolve <Avaritia : Resource : 6>
[INITIALIZATION][CLIENT][ERROR] AE2-wireless-terminal.zs:11: Could not resolve <appliedenergistics2 : item . ItemMultiMaterial : 42>
[INITIALIZATION][CLIENT][ERROR] AE2-wireless-terminal.zs:11: Could not resolve <Avaritia : Resource : 6>
[INITIALIZATION][CLIENT][ERROR] AE2-wireless-terminal.zs:11: Could not resolve <Avaritia : Resource : 4>
[INITIALIZATION][CLIENT][ERROR] AE2-wireless-terminal.zs:11: Could not resolve <Avaritia : Resource : 6>
[INITIALIZATION][CLIENT][ERROR] AE2-wireless-terminal.zs:11: Could not resolve <appliedenergistics2 : item . ItemMultiMaterial : 42>
[INITIALIZATION][CLIENT][ERROR] AE2-wireless-terminal.zs:12: Could not resolve <appliedenergistics2 : item . ItemMultiMaterial : 42>
[INITIALIZATION][CLIENT][ERROR] AE2-wireless-terminal.zs:12: Could not resolve <appliedenergistics2 : item . ItemMultiMaterial : 42>
[INITIALIZATION][CLIENT][ERROR] AE2-wireless-terminal.zs:12: Could not resolve <appliedenergistics2 : item . ItemMultiMaterial : 42>
[INITIALIZATION][CLIENT][ERROR] AE2-wireless-terminal.zs:12: Could not resolve <appliedenergistics2 : item . ItemMultiMaterial : 42>
[INITIALIZATION][CLIENT][ERROR] AE2-wireless-terminal.zs:12: Could not resolve <appliedenergistics2 : item . ItemMultiMaterial : 42>
[INITIALIZATION][CLIENT][ERROR] AE2-wireless-terminal.zs:12: Could not resolve <appliedenergistics2 : item . ItemMultiMaterial : 42>
[INITIALIZATION][CLIENT][ERROR] AE2-wireless-terminal.zs:12: Could not resolve <appliedenergistics2 : item . ItemMultiMaterial : 42>
[INITIALIZATION][CLIENT][ERROR] AE2-wireless-terminal.zs:12: Could not resolve <appliedenergistics2 : item . ItemMultiMaterial : 42>
[INITIALIZATION][CLIENT][ERROR] AE2-wireless-terminal.zs:12: Could not resolve <appliedenergistics2 : item . ItemMultiMaterial : 42>
[INITIALIZATION][CLIENT][ERROR] AE2-wireless-terminal.zs:13: Could not resolve <appliedenergistics2 : item . ItemMultiMaterial : 42>
[INITIALIZATION][CLIENT][ERROR] AE2-wireless-terminal.zs:13: Could not resolve <Avaritia : Resource : 6>
[INITIALIZATION][CLIENT][ERROR] AE2-wireless-terminal.zs:13: Could not resolve <Avaritia : Resource : 4>
[INITIALIZATION][CLIENT][ERROR] AE2-wireless-terminal.zs:13: Could not resolve <Avaritia : Resource : 6>
[INITIALIZATION][CLIENT][ERROR] AE2-wireless-terminal.zs:13: Could not resolve <appliedenergistics2 : item . ItemMultiMaterial : 42>
[INITIALIZATION][CLIENT][ERROR] AE2-wireless-terminal.zs:13: Could not resolve <Avaritia : Resource : 6>
[INITIALIZATION][CLIENT][ERROR] AE2-wireless-terminal.zs:13: Could not resolve <Avaritia : Resource : 4>
[INITIALIZATION][CLIENT][ERROR] AE2-wireless-terminal.zs:13: Could not resolve <Avaritia : Resource : 6>
[INITIALIZATION][CLIENT][ERROR] AE2-wireless-terminal.zs:13: Could not resolve <appliedenergistics2 : item . ItemMultiMaterial : 42>
[INITIALIZATION][CLIENT][ERROR] AE2-wireless-terminal.zs:14: Could not resolve <appliedenergistics2 : item . ItemMultiMaterial : 42>
[INITIALIZATION][CLIENT][ERROR] AE2-wireless-terminal.zs:14: Could not resolve <Avaritia : Resource : 4>
[INITIALIZATION][CLIENT][ERROR] AE2-wireless-terminal.zs:14: Could not resolve <Avaritia : Resource : 5>
[INITIALIZATION][CLIENT][ERROR] AE2-wireless-terminal.zs:14: Could not resolve <Avaritia : Resource : 4>
[INITIALIZATION][CLIENT][ERROR] AE2-wireless-terminal.zs:14: Could not resolve <appliedenergistics2 : item . ItemMultiMaterial : 42>
[INITIALIZATION][CLIENT][ERROR] AE2-wireless-terminal.zs:14: Could not resolve <Avaritia : Resource : 4>
[INITIALIZATION][CLIENT][ERROR] AE2-wireless-terminal.zs:14: Could not resolve <Avaritia : Resource : 5>
[INITIALIZATION][CLIENT][ERROR] AE2-wireless-terminal.zs:14: Could not resolve <Avaritia : Resource : 4>
[INITIALIZATION][CLIENT][ERROR] AE2-wireless-terminal.zs:14: Could not resolve <appliedenergistics2 : item . ItemMultiMaterial : 42>
[INITIALIZATION][CLIENT][ERROR] AE2-wireless-terminal.zs:15: Could not resolve <appliedenergistics2 : item . ItemMultiMaterial : 42>
[INITIALIZATION][CLIENT][ERROR] AE2-wireless-terminal.zs:15: Could not resolve <Avaritia : Resource : 6>
[INITIALIZATION][CLIENT][ERROR] AE2-wireless-terminal.zs:15: Could not resolve <Avaritia : Resource : 4>
[INITIALIZATION][CLIENT][ERROR] AE2-wireless-terminal.zs:15: Could not resolve <Avaritia : Resource : 6>
[INITIALIZATION][CLIENT][ERROR] AE2-wireless-terminal.zs:15: Could not resolve <appliedenergistics2 : item . ItemMultiMaterial : 42>
[INITIALIZATION][CLIENT][ERROR] AE2-wireless-terminal.zs:15: Could not resolve <Avaritia : Resource : 6>
[INITIALIZATION][CLIENT][ERROR] AE2-wireless-terminal.zs:15: Could not resolve <Avaritia : Resource : 4>
[INITIALIZATION][CLIENT][ERROR] AE2-wireless-terminal.zs:15: Could not resolve <Avaritia : Resource : 6>
[INITIALIZATION][CLIENT][ERROR] AE2-wireless-terminal.zs:15: Could not resolve <appliedenergistics2 : item . ItemMultiMaterial : 42>
[INITIALIZATION][CLIENT][ERROR] AE2-wireless-terminal.zs:16: Could not resolve <appliedenergistics2 : item . ItemMultiMaterial : 42>
[INITIALIZATION][CLIENT][ERROR] AE2-wireless-terminal.zs:16: Could not resolve <appliedenergistics2 : item . ItemMultiMaterial : 42>
[INITIALIZATION][CLIENT][ERROR] AE2-wireless-terminal.zs:16: Could not resolve <appliedenergistics2 : item . ItemMultiMaterial : 42>
[INITIALIZATION][CLIENT][ERROR] AE2-wireless-terminal.zs:16: Could not resolve <appliedenergistics2 : item . ItemMultiMaterial : 42>
[INITIALIZATION][CLIENT][ERROR] AE2-wireless-terminal.zs:16: Could not resolve <appliedenergistics2 : item . ItemMultiMaterial : 42>
[INITIALIZATION][CLIENT][ERROR] AE2-wireless-terminal.zs:16: Could not resolve <appliedenergistics2 : item . ItemMultiMaterial : 42>
[INITIALIZATION][CLIENT][ERROR] AE2-wireless-terminal.zs:16: Could not resolve <appliedenergistics2 : item . ItemMultiMaterial : 42>
[INITIALIZATION][CLIENT][ERROR] AE2-wireless-terminal.zs:16: Could not resolve <appliedenergistics2 : item . ItemMultiMaterial : 42>
[INITIALIZATION][CLIENT][ERROR] AE2-wireless-terminal.zs:16: Could not resolve <appliedenergistics2 : item . ItemMultiMaterial : 42>
[INITIALIZATION][CLIENT][ERROR] AE2-wireless-terminal.zs:7 > a method available but none matches the parameters (any, any[])
This is usually an error in your script, not in the mod
addShaped(string, ZenTypeNative: crafttweaker.item.IItemStack, ZenTypeNative: crafttweaker.item.IIngredient[][])
[INITIALIZATION][CLIENT][ERROR] Cannot remove recipes for a null item!
[INITIALIZATION][CLIENT][INFO] [crafttweaker | SIDE_CLIENT]: Loading Script: {[0:crafttweaker]: recipes.zs}
[INITIALIZATION][CLIENT][INFO] Completed script loading in: 339ms
[POSTINITIALIZATION][CLIENT][INFO] Removing recipes for various outputs
[POSTINITIALIZATION][CLIENT][INFO] Removing Shaped recipes for <appliedenergistics2:controller>
[POSTINITIALIZATION][CLIENT][INFO] 1 removed
[POSTINITIALIZATION][CLIENT][INFO] Adding shaped recipe for Normal Energy Input Hatch with name ct_shaped-1836091130
[POSTINITIALIZATION][CLIENT][INFO] Adding shaped recipe for Augment: Flux Anodizers with name ct_shaped1696288374
[POSTINITIALIZATION][CLIENT][INFO] Adding shaped recipe for ME Controller with name ct_shaped-54869425
[AVAILABLE][CLIENT][INFO] Fixed the RecipeBook
